app/build/intermediates/manifest_merge_blame_file/debug/manifest-merger-blame-debug-report.txt
1<?xml version="1.0" encoding="utf-8"?>
2<manifest xmlns:android="http://schemas.android.com/apk/res/android"
3    package="org.tensorflow.lite.examples.soundclassifier"
4    android:versionCode="1"
5    android:versionName="1.0" >
6
7    <uses-sdk
8        android:minSdkVersion="23"
8-->src\main\AndroidManifest.xml
9        android:targetSdkVersion="30" />
9-->src\main\AndroidManifest.xml
10
11    <uses-permission android:name="android.permission.RECORD_AUDIO" />
11-->src\main\AndroidManifest.xml:5:5-71
11-->src\main\AndroidManifest.xml:5:22-68
12    <uses-permission android:name="android.permission.WRITE_EXTERNAL_STORAGE" />
13    <uses-permission android:name="android.permission.READ_PHONE_STATE" />
14    <uses-permission android:name="android.permission.READ_EXTERNAL_STORAGE" />
15
16    <application
16-->src\main\AndroidManifest.xml:7:5-32:19
17        android:allowBackup="true"
17-->src\main\AndroidManifest.xml:8:9-35
18        android:appComponentFactory="androidx.core.app.CoreComponentFactory"
18-->[androidx.core:core:1.3.2] AndroidManifest.xml:24:18-86
19        android:debuggable="true"
20        android:extractNativeLibs="false"
21        android:icon="@mipmap/ic_launcher"
21-->src\main\AndroidManifest.xml:9:9-43
22        android:label="@string/app_name"
22-->src\main\AndroidManifest.xml:10:9-41
23        android:roundIcon="@mipmap/ic_launcher_round"
23-->src\main\AndroidManifest.xml:11:9-54
24        android:supportsRtl="true"
24-->src\main\AndroidManifest.xml:12:9-35
25        android:theme="@style/AppTheme" >
25-->src\main\AndroidManifest.xml:13:9-40
26        <activity
26-->src\main\AndroidManifest.xml:14:9-16:40
27            android:name="org.tensorflow.lite.examples.soundclassifier.content_main"
27-->src\main\AndroidManifest.xml:15:13-41
28            android:exported="false" />
28-->src\main\AndroidManifest.xml:16:13-37
29        <activity
29-->src\main\AndroidManifest.xml:17:9-19:40
30            android:name="org.tensorflow.lite.examples.soundclassifier.MainActivity"
30-->src\main\AndroidManifest.xml:18:13-41
31            android:exported="false" />
31-->src\main\AndroidManifest.xml:19:13-37
32        <activity
32-->src\main\AndroidManifest.xml:20:9-29:20
33            android:name="org.tensorflow.lite.examples.soundclassifier.IntroActivity"
33-->src\main\AndroidManifest.xml:21:13-42
34            android:exported="true" >
34-->src\main\AndroidManifest.xml:22:13-36
35            <intent-filter>
35-->src\main\AndroidManifest.xml:23:13-28:29
36                <action android:name="android.intent.action.MAIN" />
36-->src\main\AndroidManifest.xml:24:17-69
36-->src\main\AndroidManifest.xml:24:25-66
37
38                <category android:name="android.intent.category.LAUNCHER" />
38-->src\main\AndroidManifest.xml:26:17-77
38-->src\main\AndroidManifest.xml:26:27-74
39            </intent-filter>
40        </activity>
41        <activity android:name="org.tensorflow.lite.examples.soundclassifier.Subactivity" />
41-->src\main\AndroidManifest.xml:31:9-48
41-->src\main\AndroidManifest.xml:31:19-46
42    </application>
43
44</manifest>